<?xml version="1.0" encoding="UTF-8" ?>
<testsuite failures="0" time="0.021" errors="0" skipped="0" tests="1" name="com.stalkoverflow.AppTest">
  <properties>
    <property name="java.runtime.name" value="Java(TM) SE Runtime Environment"/>
    <property name="sun.boot.library.path" value="c:\Program Files (x86)\Java\jdk1.6.0_23\jre\bin"/>
    <property name="java.vm.version" value="19.0-b09"/>
    <property name="java.vm.vendor" value="Sun Microsystems Inc."/>
    <property name="java.vendor.url" value="http://java.sun.com/"/>
    <property name="path.separator" value=";"/>
    <property name="java.vm.name" value="Java HotSpot(TM) Client VM"/>
    <property name="file.encoding.pkg" value="sun.io"/>
    <property name="user.country" value="NO"/>
    <property name="sun.java.launcher" value="SUN_STANDARD"/>
    <property name="sun.os.patch.level" value=""/>
    <property name="java.vm.specification.name" value="Java Virtual Machine Specification"/>
    <property name="user.dir" value="C:\Users\glennn\git\stalkoverflow\stalkoverflow"/>
    <property name="java.runtime.version" value="1.6.0_23-b05"/>
    <property name="java.awt.graphicsenv" value="sun.awt.Win32GraphicsEnvironment"/>
    <property name="basedir" value="C:\Users\glennn\git\stalkoverflow\stalkoverflow"/>
    <property name="java.endorsed.dirs" value="c:\Program Files (x86)\Java\jdk1.6.0_23\jre\lib\endorsed"/>
    <property name="os.arch" value="x86"/>
    <property name="surefire.real.class.path" value="C:\Users\glennn\git\stalkoverflow\stalkoverflow\target\surefire\surefirebooter6724183817935677740.jar"/>
    <property name="java.io.tmpdir" value="C:\Users\glennn\AppData\Local\Temp\"/>
    <property name="line.separator" value="
"/>
    <property name="java.vm.specification.vendor" value="Sun Microsystems Inc."/>
    <property name="user.variant" value=""/>
    <property name="os.name" value="Windows 7"/>
    <property name="sun.jnu.encoding" value="Cp1252"/>
    <property name="java.library.path" value="c:\Program Files (x86)\Java\jdk1.6.0_23\jre\bin;.;C:\Windows\Sun\Java\bin;C:\Windows\system32;C:\Windows;C:\Program Files\Common Files\Microsoft Shared\Windows Live;C:\Program Files (x86)\Common Files\Microsoft Shared\Windows Live;C:\Windows\system32;C:\Windows;C:\Windows\System32\Wbem;C:\Windows\System32\WindowsPowerShell\v1.0\;C:\Program Files\Intel\DMIX;c:\Program Files\WIDCOMM\Bluetooth Software\;c:\Program Files\WIDCOMM\Bluetooth Software\syswow64;c:\Program Files\Intel\WiFi\bin\;c:\Program Files\Common Files\Intel\WirelessCommon\;C:\Program Files (x86)\NTRU Cryptosystems\NTRU TCG Software Stack\bin\;C:\Program Files\NTRU Cryptosystems\NTRU TCG Software Stack\bin\;C:\Program Files\Wave Systems Corp\Gemalto\Access Client\v5\;C:\Program Files (x86)\Windows Live\Shared;C:\Program Files (x86)\Subversion\bin;C:\Program Files (x86)\Git\cmd;C:\Program Files\TortoiseHg\;C:\Program Files (x86)\IDM Computer Solutions\UltraEdit\;C:\Program Files (x86)\HMA! Pro VPN\bin;c:\Program Files (x86)\Java\jdk1.6.0_23\BIN;C:\Program Files (x86)\Subversion\bin;C:\Program Files\Common Files\Microsoft Shared\Windows Live;C:\Program Files (x86)\Common Files\Microsoft Shared\Windows Live;C:\Windows\system32;C:\Windows;C:\Windows\System32\Wbem;C:\Windows\System32\WindowsPowerShell\v1.0\;C:\Program Files\Intel\DMIX;c:\Program Files\WIDCOMM\Bluetooth Software\;c:\Program Files\WIDCOMM\Bluetooth Software\syswow64;c:\Program Files\Intel\WiFi\bin\;c:\Program Files\Common Files\Intel\WirelessCommon\;C:\Program Files (x86)\NTRU Cryptosystems\NTRU TCG Software Stack\bin\;C:\Program Files\NTRU Cryptosystems\NTRU TCG Software Stack\bin\;C:\Program Files\Wave Systems Corp\Gemalto\Access Client\v5\;C:\Program Files (x86)\Windows Live\Shared;C:\Program Files (x86)\Subversion\bin;C:\Program Files (x86)\Git\cmd;C:\Program Files\TortoiseHg\;C:\Program Files (x86)\IDM Computer Solutions\UltraEdit\;C:\Program Files (x86)\HMA! Pro VPN\bin;c:\Users\glennn\java\apache-maven-3.0.3\bin;c:\users\glennn\java\apache-ant-1.8.2\bin;&quot;c:\Program Files (x86)\Android\android-sdk-windows\platform-tools&quot;;C:\Program Files (x86)\GnuWin32\bin;C:\users\glennn\tools\spring-roo-1.1.1.RELEASE\BIN;c:\users\glennn\tools;C:\Users\glennn\tools\osmosis-0.38\bin;c:\tools\;C:\Users\glennn\Ruby193\bin\"/>
    <property name="surefire.test.class.path" value="C:\Users\glennn\git\stalkoverflow\stalkoverflow\target\test-classes;C:\Users\glennn\git\stalkoverflow\stalkoverflow\target\classes;C:\Users\glennn\.m2\repository\org\codehaus\jackson\jackson-core-asl\1.9.8\jackson-core-asl-1.9.8.jar;C:\Users\glennn\.m2\repository\org\codehaus\jackson\jackson-mapper-asl\1.9.8\jackson-mapper-asl-1.9.8.jar;C:\Users\glennn\.m2\repository\junit\junit\3.8.1\junit-3.8.1.jar;"/>
    <property name="java.specification.name" value="Java Platform API Specification"/>
    <property name="java.class.version" value="50.0"/>
    <property name="sun.management.compiler" value="HotSpot Client Compiler"/>
    <property name="os.version" value="6.1"/>
    <property name="user.home" value="C:\Users\glennn"/>
    <property name="user.timezone" value=""/>
    <property name="java.awt.printerjob" value="sun.awt.windows.WPrinterJob"/>
    <property name="java.specification.version" value="1.6"/>
    <property name="file.encoding" value="Cp1252"/>
    <property name="user.name" value="glennn"/>
    <property name="java.class.path" value="C:\Users\glennn\git\stalkoverflow\stalkoverflow\target\test-classes;C:\Users\glennn\git\stalkoverflow\stalkoverflow\target\classes;C:\Users\glennn\.m2\repository\org\codehaus\jackson\jackson-core-asl\1.9.8\jackson-core-asl-1.9.8.jar;C:\Users\glennn\.m2\repository\org\codehaus\jackson\jackson-mapper-asl\1.9.8\jackson-mapper-asl-1.9.8.jar;C:\Users\glennn\.m2\repository\junit\junit\3.8.1\junit-3.8.1.jar;"/>
    <property name="java.vm.specification.version" value="1.0"/>
    <property name="sun.arch.data.model" value="32"/>
    <property name="java.home" value="c:\Program Files (x86)\Java\jdk1.6.0_23\jre"/>
    <property name="java.specification.vendor" value="Sun Microsystems Inc."/>
    <property name="user.language" value="no"/>
    <property name="awt.toolkit" value="sun.awt.windows.WToolkit"/>
    <property name="java.vm.info" value="mixed mode, sharing"/>
    <property name="java.version" value="1.6.0_23"/>
    <property name="java.ext.dirs" value="c:\Program Files (x86)\Java\jdk1.6.0_23\jre\lib\ext;C:\Windows\Sun\Java\lib\ext"/>
    <property name="sun.boot.class.path" value="c:\Program Files (x86)\Java\jdk1.6.0_23\jre\lib\resources.jar;c:\Program Files (x86)\Java\jdk1.6.0_23\jre\lib\rt.jar;c:\Program Files (x86)\Java\jdk1.6.0_23\jre\lib\sunrsasign.jar;c:\Program Files (x86)\Java\jdk1.6.0_23\jre\lib\jsse.jar;c:\Program Files (x86)\Java\jdk1.6.0_23\jre\lib\jce.jar;c:\Program Files (x86)\Java\jdk1.6.0_23\jre\lib\charsets.jar;c:\Program Files (x86)\Java\jdk1.6.0_23\jre\lib\modules\jdk.boot.jar;c:\Program Files (x86)\Java\jdk1.6.0_23\jre\classes"/>
    <property name="java.vendor" value="Sun Microsystems Inc."/>
    <property name="localRepository" value="C:\Users\glennn\.m2\repository"/>
    <property name="file.separator" value="\"/>
    <property name="java.vendor.url.bug" value="http://java.sun.com/cgi-bin/bugreport.cgi"/>
    <property name="sun.cpu.endian" value="little"/>
    <property name="sun.io.unicode.encoding" value="UnicodeLittle"/>
    <property name="sun.desktop" value="windows"/>
    <property name="sun.cpu.isalist" value="pentium_pro+mmx pentium_pro pentium+mmx pentium i486 i386 i86"/>
  </properties>
  <testcase time="0.003" classname="com.stalkoverflow.AppTest" name="testApp"/>
</testsuite>